xilinx rtfpga
DSP Report: Generating DSP mult1/P, operation Mode is: A2*B.
DSP Report: register gen_positive_phase.signal_path/gen_last.last_reg/reg_state_reg is absorbed into DSP mult1/P.
DSP Report: operator mult1/P is absorbed into DSP mult1/P.
DSP Report: Generating DSP mult1/P, operation Mode is: A2*B.
DSP Report: register gen_positive_phase.signal_path/gen_last.last_reg/reg_state_reg is absorbed into DSP mult1/P.
DSP Report: operator mult1/P is absorbed into DSP mult1/P.
DSP Report: Generating DSP mult1/P, operation Mode is: A2*B.
DSP Report: register gen_positive_phase.signal_path/gen_last.last_reg/reg_state_reg is absorbed into DSP mult1/P.
DSP Report: operator mult1/P is absorbed into DSP mult1/P.
DSP Report: Generating DSP mult1/P, operation Mode is: A2*B.
DSP Report: register gen_positive_phase.signal_path/gen_last.last_reg/reg_state_reg is absorbed into DSP mult1/P.
DSP Report: operator mult1/P is absorbed into DSP mult1/P.
DSP Report: Generating DSP mult1/P, operation Mode is: A2*B.
DSP Report: register gen_positive_phase.signal_path/gen_last.last_reg/reg_state_reg is absorbed into DSP mult1/P.
DSP Report: operator mult1/P is absorbed into DSP mult1/P.
DSP Report: Generating DSP mult1/P, operation Mode is: A2*B.
DSP Report: register gen_positive_phase.signal_path/gen_last.last_reg/reg_state_reg is absorbed into DSP mult1/P.
DSP Report: operator mult1/P is absorbed into DSP mult1/P.
DSP Report: Generating DSP mult1/P, operation Mode is: A2*B.
DSP Report: register gen_positive_phase.signal_path/gen_last.last_reg/reg_state_reg is absorbed into DSP mult1/P.
DSP Report: operator mult1/P is absorbed into DSP mult1/P.
DSP Report: Generating DSP mult1/P, operation Mode is: A2*B.
DSP Report: register gen_positive_phase.signal_path/gen_last.last_reg/reg_state_reg is absorbed into DSP mult1/P.
DSP Report: operator mult1/P is absorbed into DSP mult1/P.
INFO: [Synth 8-3886] merging instance 'gen_middle[40].middle_reg/gen_positive_phase.signal_path/gen_middle[0].middle_reg/reg_state_reg[0]' (FDE) to 'gen_middle[41].middle_reg/gen_positive_phase.signal_path/gen_fiRST.fiRST_reg/reg_state_reg[0]'
INFO: [Synth 8-3886] merging instance 'gen_middle[40].middle_reg/gen_positive_phase.signal_path/gen_middle[0].middle_reg/reg_state_reg[1]' (FDE) to 'gen_middle[41].middle_reg/gen_positive_phase.signal_path/gen_fiRST.fiRST_reg/reg_state_reg[1]'
INFO: [Synth 8-3886] merging instance 'gen_middle[40].middle_reg/gen_positive_phase.signal_path/gen_middle[0].middle_reg/reg_state_reg[2]' (FDE) to 'gen_middle[41].middle_reg/gen_positive_phase.signal_path/gen_fiRST.fiRST_reg/reg_state_reg[2]'
INFO: [Synth 8-3886] merging instance 'gen_middle[40].middle_reg/gen_positive_phase.signal_path/gen_middle[0].middle_reg/reg_state_reg[3]' (FDE) to 'gen_middle[41].middle_reg/gen_positive_phase.signal_path/gen_fiRST.fiRST_reg/reg_state_reg[3]'
INFO: [Synth 8-3886] merging instance 'gen_middle[40].middle_reg/gen_positive_phase.signal_path/gen_middle[0].middle_reg/reg_state_reg[4]' (FDE) to 'gen_middle[41].middle_reg/gen_positive_phase.signal_path/gen_fiRST.fiRST_reg/reg_state_reg[4]'
INFO: [Synth 8-3886] merging instance 'gen_middle[40].middle_reg/gen_positive_phase.signal_path/gen_middle[0].middle_reg/reg_state_reg[5]' (FDE) to 'gen_middle[41].middle_reg/gen_positive_phase.signal_path/gen_fiRST.fiRST_reg/reg_state_reg[5]'
INFO: [Synth 8-3886] merging instance 'gen_middle[40].middle_reg/gen_positive_phase.signal_path/gen_middle[0].middle_reg/reg_state_reg[6]' (FDE) to 'gen_middle[41].middle_reg/gen_positive_phase.signal_path/gen_fiRST.fiRST_reg/reg_state_reg[6]'
INFO: [Synth 8-3886] merging instance 'gen_middle[40].middle_reg/gen_positive_phase.signal_path/gen_middle[0].middle_reg/reg_state_reg[7]' (FDE) to 'gen_middle[41].middle_reg/gen_positive_phase.signal_path/gen_fiRST.fiRST_reg/reg_state_reg[7]'
INFO: [Synth 8-3886] merging instance 'gen_middle[40].middle_reg/gen_positive_phase.signal_path/gen_middle[0].middle_reg/reg_state_reg[8]' (FDE) to 'gen_middle[41].middle_reg/gen_positive_phase.signal_path/gen_fiRST.fiRST_reg/reg_state_reg[8]'
INFO: [Synth 8-3886] merging instance 'gen_middle[40].middle_reg/gen_positive_phase.signal_path/gen_middle[0].middle_reg/reg_state_reg[9]' (FDE) to 'gen_middle[41].middle_reg/gen_positive_phase.signal_path/gen_fiRST.fiRST_reg/reg_state_reg[9]'
INFO: [Synth 8-3886] merging instance 'gen_middle[40].middle_reg/gen_positive_phase.signal_path/gen_middle[0].middle_reg/reg_state_reg[10]' (FDE) to 'gen_middle[41].middle_reg/gen_positive_phase.signal_path/gen_fiRST.fiRST_reg/reg_state_reg[10]'
INFO: [Synth 8-3886] merging instance 'gen_middle[40].middle_reg/gen_positive_phase.signal_path/gen_middle[0].middle_reg/reg_state_reg[11]' (FDE) to 'gen_middle[41].middle_reg/gen_positive_phase.signal_path/gen_fiRST.fiRST_reg/reg_state_reg[11]'
INFO: [Synth 8-3886] merging instance 'gen_middle[39].middle_reg/gen_positive_phase.signal_path/gen_middle[0].middle_reg/reg_state_reg[0]' (FDE) to 'gen_middle[40].middle_reg/gen_positive_phase.signal_path/gen_fiRST.fiRST_reg/reg_state_reg[0]'
INFO: [Synth 8-3886] merging instance 'gen_middle[39].middle_reg/gen_positive_phase.signal_path/gen_middle[0].middle_reg/reg_state_reg[1]' (FDE) to 'gen_middle[40].middle_reg/gen_positive_phase.signal_path/gen_fiRST.fiRST_reg/reg_state_reg[1]'
INFO: [Synth 8-3886] merging instance 'gen_middle[39].middle_reg/gen_positive_phase.signal_path/gen_middle[0].middle_reg/reg_state_reg[2]' (FDE) to 'gen_middle[40].middle_reg/gen_positive_phase.signal_path/gen_fiRST.fiRST_reg/reg_state_reg[2]'
INFO: [Synth 8-3886] merging instance 'gen_middle[39].middle_reg/gen_positive_phase.signal_path/gen_middle[0].middle_reg/reg_state_reg[3]' (FDE) to 'gen_middle[40].middle_reg/gen_positive_phase.signal_path/gen_fiRST.fiRST_reg/reg_state_reg[3]'
INFO: [Synth 8-3886] merging instance 'gen_middle[39].middle_reg/gen_positive_phase.signal_path/gen_middle[0].middle_reg/reg_state_reg[4]' (FDE) to 'gen_middle[40].middle_reg/gen_positive_phase.signal_path/gen_fiRST.fiRST_reg/reg_state_reg[4]'
INFO: [Synth 8-3886] merging instance 'gen_middle[39].middle_reg/gen_positive_phase.signal_path/gen_middle[0].middle_reg/reg_state_reg[5]' (FDE) to 'gen_middle[40].middle_reg/gen_positive_phase.signal_path/gen_fiRST.fiRST_reg/reg_state_reg[5]'
INFO: [Synth 8-3886] merging instance 'gen_middle[39].middle_reg/gen_positive_phase.signal_path/gen_middle[0].middle_reg/reg_state_reg[6]' (FDE) to 'gen_middle[40].middle_reg/gen_positive_phase.signal_path/gen_fiRST.fiRST_reg/reg_state_reg[6]'
INFO: [Synth 8-3886] merging instance 'gen_middle[39].middle_reg/gen_positive_phase.signal_path/gen_middle[0].middle_reg/reg_state_reg[7]' (FDE) to 'gen_middle[40].middle_reg/gen_positive_phase.signal_path/gen_fiRST.fiRST_reg/reg_state_reg[7]'
INFO: [Synth 8-3886] merging instance 'gen_middle[39].middle_reg/gen_positive_phase.signal_path/gen_middle[0].middle_reg/reg_state_reg[8]' (FDE) to 'gen_middle[40].middle_reg/gen_positive_phase.signal_path/gen_fiRST.fiRST_reg/reg_state_reg[8]'
INFO: [Synth 8-3886] merging instance 'gen_middle[39].middle_reg/gen_positive_phase.signal_path/gen_middle[0].middle_reg/reg_state_reg[9]' (FDE) to 'gen_middle[40].middle_reg/gen_positive_phase.signal_path/gen_fiRST.fiRST_reg/reg_state_reg[9]'
INFO: [Synth 8-3886] merging instance 'gen_middle[39].middle_reg/gen_positive_phase.signal_path/gen_middle[0].middle_reg/reg_state_reg[10]' (FDE) to 'gen_middle[40].middle_reg/gen_positive_phase.signal_path/gen_fiRST.fiRST_reg/reg_state_reg[10]'
INFO: [Synth 8-3886] merging instance 'gen_middle[39].middle_reg/gen_positive_phase.signal_path/gen_middle[0].middle_reg/reg_state_reg[11]' (FDE) to 'gen_middle[40].middle_reg/gen_positive_phase.signal_path/gen_fiRST.fiRST_reg/reg_state_reg[11]'
INFO: [Synth 8-3886] merging instance 'gen_middle[38].middle_reg/gen_positive_phase.signal_path/gen_middle[0].middle_reg/reg_state_reg[0]' (FDE) to 'gen_middle[39].middle_reg/gen_positive_phase.signal_path/gen_fiRST.fiRST_reg/reg_state_reg[0]'
INFO: [Synth 8-3886] merging instance 'gen_middle[38].middle_reg/gen_positive_phase.signal_path/gen_middle[0].middle_reg/reg_state_reg[1]' (FDE) to 'gen_middle[39].middle_reg/gen_positive_phase.signal_path/gen_fiRST.fiRST_reg/reg_state_reg[1]'
INFO: [Synth 8-3886] merging instance 'gen_middle[38].middle_reg/gen_positive_phase.signal_path/gen_middle[0].middle_reg/reg_state_reg[2]' (FDE) to 'gen_middle[39].middle_reg/gen_positive_phase.signal_path/gen_fiRST.fiRST_reg/reg_state_reg[2]'
INFO: [Synth 8-3886] merging instance 'gen_middle[38].middle_reg/gen_positive_phase.signal_path/gen_middle[0].middle_reg/reg_state_reg[3]' (FDE) to 'gen_middle[39].middle_reg/gen_positive_phase.signal_path/gen_fiRST.fiRST_reg/reg_state_reg[3]'
INFO: [Synth 8-3886] merging instance 'gen_middle[38].middle_reg/gen_positive_phase.signal_path/gen_middle[0].middle_reg/reg_state_reg[4]' (FDE) to 'gen_middle[39].middle_reg/gen_positive_phase.signal_path/gen_fiRST.fiRST_reg/reg_state_reg[4]'
INFO: [Synth 8-3886] merging instance 'gen_middle[38].middle_reg/gen_positive_phase.signal_path/gen_middle[0].middle_reg/reg_state_reg[5]' (FDE) to 'gen_middle[39].middle_reg/gen_positive_phase.signal_path/gen_fiRST.fiRST_reg/reg_state_reg[5]'
INFO: [Synth 8-3886] merging instance 'gen_middle[38].middle_reg/gen_positive_phase.signal_path/gen_middle[0].middle_reg/reg_state_reg[6]' (FDE) to 'gen_middle[39].middle_reg/gen_positive_phase.signal_path/gen_fiRST.fiRST_reg/reg_state_reg[6]'
INFO: [Synth 8-3886] merging instance 'gen_middle[38].middle_reg/gen_positive_phase.signal_path/gen_middle[0].middle_reg/reg_state_reg[7]' (FDE) to 'gen_middle[39].middle_reg/gen_positive_phase.signal_path/gen_fiRST.fiRST_reg/reg_state_reg[7]'
INFO: [Synth 8-3886] merging instance 'gen_middle[38].middle_reg/gen_positive_phase.signal_path/gen_middle[0].middle_reg/reg_state_reg[8]' (FDE) to 'gen_middle[39].middle_reg/gen_positive_phase.signal_path/gen_fiRST.fiRST_reg/reg_state_reg[8]'
INFO: [Synth 8-3886] merging instance 'gen_middle[38].middle_reg/gen_positive_phase.signal_path/gen_middle[0].middle_reg/reg_state_reg[9]' (FDE) to 'gen_middle[39].middle_reg/gen_positive_phase.signal_path/gen_fiRST.fiRST_reg/reg_state_reg[9]'
INFO: [Synth 8-3886] merging instance 'gen_middle[38].middle_reg/gen_positive_phase.signal_path/gen_middle[0].middle_reg/reg_state_reg[10]' (FDE) to 'gen_middle[39].middle_reg/gen_positive_phase.signal_path/gen_fiRST.fiRST_reg/reg_state_reg[10]'
INFO: [Synth 8-3886] merging instance 'gen_middle[38].middle_reg/gen_positive_phase.signal_path/gen_middle[0].middle_reg/reg_state_reg[11]' (FDE) to 'gen_middle[39].middle_reg/gen_positive_phase.signal_path/gen_fiRST.fiRST_reg/reg_state_reg[11]'
INFO: [Synth 8-3886] merging instance 'gen_middle[37].middle_reg/gen_positive_phase.signal_path/gen_middle[0].middle_reg/reg_state_reg[0]' (FDE) to 'gen_middle[38].middle_reg/gen_positive_phase.signal_path/gen_fiRST.fiRST_reg/reg_state_reg[0]'
INFO: [Synth 8-3886] merging instance 'gen_middle[37].middle_reg/gen_positive_phase.signal_path/gen_middle[0].middle_reg/reg_state_reg[1]' (FDE) to 'gen_middle[38].middle_reg/gen_positive_phase.signal_path/gen_fiRST.fiRST_reg/reg_state_reg[1]'
INFO: [Synth 8-3886] merging instance 'gen_middle[37].middle_reg/gen_positive_phase.signal_path/gen_middle[0].middle_reg/reg_state_reg[2]' (FDE) to 'gen_middle[38].middle_reg/gen_positive_phase.signal_path/gen_fiRST.fiRST_reg/reg_state_reg[2]'
INFO: [Synth 8-3886] merging instance 'gen_middle[37].middle_reg/gen_positive_phase.signal_path/gen_middle[0].middle_reg/reg_state_reg[3]' (FDE) to 'gen_middle[38].middle_reg/gen_positive_phase.signal_path/gen_fiRST.fiRST_reg/reg_state_reg[3]'
INFO: [Synth 8-3886] merging instance 'gen_middle[37].middle_reg/gen_positive_phase.signal_path/gen_middle[0].middle_reg/reg_state_reg[4]' (FDE) to 'gen_middle[38].middle_reg/gen_positive_phase.signal_path/gen_fiRST.fiRST_reg/reg_state_reg[4]'
INFO: [Synth 8-3886] merging instance 'gen_middle[37].middle_reg/gen_positive_phase.signal_path/gen_middle[0].middle_reg/reg_state_reg[5]' (FDE) to 'gen_middle[38].middle_reg/gen_positive_phase.signal_path/gen_fiRST.fiRST_reg/reg_state_reg[5]'
INFO: [Synth 8-3886] merging instance 'gen_middle[37].middle_reg/gen_positive_phase.signal_path/gen_middle[0].middle_reg/reg_state_reg[6]' (FDE) to 'gen_middle[38].middle_reg/gen_positive_phase.signal_path/gen_fiRST.fiRST_reg/reg_state_reg[6]'
INFO: [Synth 8-3886] merging instance 'gen_middle[37].middle_reg/gen_positive_phase.signal_path/gen_middle[0].middle_reg/reg_state_reg[7]' (FDE) to 'gen_middle[38].middle_reg/gen_positive_phase.signal_path/gen_fiRST.fiRST_reg/reg_state_reg[7]'
INFO: [Synth 8-3886] merging instance 'gen_middle[37].middle_reg/gen_positive_phase.signal_path/gen_middle[0].middle_reg/reg_state_reg[8]' (FDE) to 'gen_middle[38].middle_reg/gen_positive_phase.signal_path/gen_fiRST.fiRST_reg/reg_state_reg[8]'
INFO: [Synth 8-3886] merging instance 'gen_middle[37].middle_reg/gen_positive_phase.signal_path/gen_middle[0].middle_reg/reg_state_reg[9]' (FDE) to 'gen_middle[38].middle_reg/gen_positive_phase.signal_path/gen_fiRST.fiRST_reg/reg_state_reg[9]'
INFO: [Synth 8-3886] merging instance 'gen_middle[37].middle_reg/gen_positive_phase.signal_path/gen_middle[0].middle_reg/reg_state_reg[10]' (FDE) to 'gen_middle[38].middle_reg/gen_positive_phase.signal_path/gen_fiRST.fiRST_reg/reg_state_reg[10]'
INFO: [Synth 8-3886] merging instance 'gen_middle[37].middle_reg/gen_positive_phase.signal_path/gen_middle[0].middle_reg/reg_state_reg[11]' (FDE) to 'gen_middle[38].middle_reg/gen_positive_phase.signal_path/gen_fiRST.fiRST_reg/reg_state_reg[11]'
INFO: [Synth 8-3886] merging instance 'gen_middle[24].middle_reg/gen_positive_phase.signal_path/gen_middle[0].middle_reg/reg_state_reg[0]' (FDE) to 'gen_middle[25].middle_reg/gen_positive_phase.signal_path/gen_fiRST.fiRST_reg/reg_state_reg[0]'
INFO: [Synth 8-3886] merging instance 'gen_middle[24].middle_reg/gen_positive_phase.signal_path/gen_middle[0].middle_reg/reg_state_reg[1]' (FDE) to 'gen_middle[25].middle_reg/gen_positive_phase.signal_path/gen_fiRST.fiRST_reg/reg_state_reg[1]'
INFO: [Synth 8-3886] merging instance 'gen_middle[24].middle_reg/gen_positive_phase.signal_path/gen_middle[0].middle_reg/reg_state_reg[2]' (FDE) to 'gen_middle[25].middle_reg/gen_positive_phase.signal_path/gen_fiRST.fiRST_reg/reg_state_reg[2]'
INFO: [Synth 8-3886] merging instance 'gen_middle[24].middle_reg/gen_positive_phase.signal_path/gen_middle[0].middle_reg/reg_state_reg[3]' (FDE) to 'gen_middle[25].middle_reg/gen_positive_phase.signal_path/gen_fiRST.fiRST_reg/reg_state_reg[3]'
INFO: [Synth 8-3886] merging instance 'gen_middle[24].middle_reg/gen_positive_phase.signal_path/gen_middle[0].middle_reg/reg_state_reg[4]' (FDE) to 'gen_middle[25].middle_reg/gen_positive_phase.signal_path/gen_fiRST.fiRST_reg/reg_state_reg[4]'
INFO: [Synth 8-3886] merging instance 'gen_middle[24].middle_reg/gen_positive_phase.signal_path/gen_middle[0].middle_reg/reg_state_reg[5]' (FDE) to 'gen_middle[25].middle_reg/gen_positive_phase.signal_path/gen_fiRST.fiRST_reg/reg_state_reg[5]'
INFO: [Synth 8-3886] merging instance 'gen_middle[24].middle_reg/gen_positive_phase.signal_path/gen_middle[0].middle_reg/reg_state_reg[6]' (FDE) to 'gen_middle[25].middle_reg/gen_positive_phase.signal_path/gen_fiRST.fiRST_reg/reg_state_reg[6]'
INFO: [Synth 8-3886] merging instance 'gen_middle[24].middle_reg/gen_positive_phase.signal_path/gen_middle[0].middle_reg/reg_state_reg[7]' (FDE) to 'gen_middle[25].middle_reg/gen_positive_phase.signal_path/gen_fiRST.fiRST_reg/reg_state_reg[7]'
INFO: [Synth 8-3886] merging instance 'gen_middle[24].middle_reg/gen_positive_phase.signal_path/gen_middle[0].middle_reg/reg_state_reg[8]' (FDE) to 'gen_middle[25].middle_reg/gen_positive_phase.signal_path/gen_fiRST.fiRST_reg/reg_state_reg[8]'
INFO: [Synth 8-3886] merging instance 'gen_middle[24].middle_reg/gen_positive_phase.signal_path/gen_middle[0].middle_reg/reg_state_reg[9]' (FDE) to 'gen_middle[25].middle_reg/gen_positive_phase.signal_path/gen_fiRST.fiRST_reg/reg_state_reg[9]'
INFO: [Synth 8-3886] merging instance 'gen_middle[24].middle_reg/gen_positive_phase.signal_path/gen_middle[0].middle_reg/reg_state_reg[10]' (FDE) to 'gen_middle[25].middle_reg/gen_positive_phase.signal_path/gen_fiRST.fiRST_reg/reg_state_reg[10]'
INFO: [Synth 8-3886] merging instance 'gen_middle[24].middle_reg/gen_positive_phase.signal_path/gen_middle[0].middle_reg/reg_state_reg[11]' (FDE) to 'gen_middle[25].middle_reg/gen_positive_phase.signal_path/gen_fiRST.fiRST_reg/reg_state_reg[11]'
INFO: [Synth 8-3886] merging instance 'gen_middle[23].middle_reg/gen_positive_phase.signal_path/gen_middle[0].middle_reg/reg_state_reg[0]' (FDE) to 'gen_middle[24].middle_reg/gen_positive_phase.signal_path/gen_fiRST.fiRST_reg/reg_state_reg[0]'
INFO: [Synth 8-3886] merging instance 'gen_middle[23].middle_reg/gen_positive_phase.signal_path/gen_middle[0].middle_reg/reg_state_reg[1]' (FDE) to 'gen_middle[24].middle_reg/gen_positive_phase.signal_path/gen_fiRST.fiRST_reg/reg_state_reg[1]'
INFO: [Synth 8-3886] merging instance 'gen_middle[23].middle_reg/gen_positive_phase.signal_path/gen_middle[0].middle_reg/reg_state_reg[2]' (FDE) to 'gen_middle[24].middle_reg/gen_positive_phase.signal_path/gen_fiRST.fiRST_reg/reg_state_reg[2]'
INFO: [Synth 8-3886] merging instance 'gen_middle[23].middle_reg/gen_positive_phase.signal_path/gen_middle[0].middle_reg/reg_state_reg[3]' (FDE) to 'gen_middle[24].middle_reg/gen_positive_phase.signal_path/gen_fiRST.fiRST_reg/reg_state_reg[3]'
INFO: [Synth 8-3886] merging instance 'gen_middle[23].middle_reg/gen_positive_phase.signal_path/gen_middle[0].middle_reg/reg_state_reg[4]' (FDE) to 'gen_middle[24].middle_reg/gen_positive_phase.signal_path/gen_fiRST.fiRST_reg/reg_state_reg[4]'
INFO: [Synth 8-3886] merging instance 'gen_middle[23].middle_reg/gen_positive_phase.signal_path/gen_middle[0].middle_reg/reg_state_reg[5]' (FDE) to 'gen_middle[24].middle_reg/gen_positive_phase.signal_path/gen_fiRST.fiRST_reg/reg_state_reg[5]'
INFO: [Synth 8-3886] merging instance 'gen_middle[23].middle_reg/gen_positive_phase.signal_path/gen_middle[0].middle_reg/reg_state_reg[6]' (FDE) to 'gen_middle[24].middle_reg/gen_positive_phase.signal_path/gen_fiRST.fiRST_reg/reg_state_reg[6]'
INFO: [Synth 8-3886] merging instance 'gen_middle[23].middle_reg/gen_positive_phase.signal_path/gen_middle[0].middle_reg/reg_state_reg[7]' (FDE) to 'gen_middle[24].middle_reg/gen_positive_phase.signal_path/gen_fiRST.fiRST_reg/reg_state_reg[7]'
INFO: [Synth 8-3886] merging instance 'gen_middle[23].middle_reg/gen_positive_phase.signal_path/gen_middle[0].middle_reg/reg_state_reg[8]' (FDE) to 'gen_middle[24].middle_reg/gen_positive_phase.signal_path/gen_fiRST.fiRST_reg/reg_state_reg[8]'
INFO: [Synth 8-3886] merging instance 'gen_middle[23].middle_reg/gen_positive_phase.signal_path/gen_middle[0].middle_reg/reg_state_reg[9]' (FDE) to 'gen_middle[24].middle_reg/gen_positive_phase.signal_path/gen_fiRST.fiRST_reg/reg_state_reg[9]'
INFO: [Synth 8-3886] merging instance 'gen_middle[23].middle_reg/gen_positive_phase.signal_path/gen_middle[0].middle_reg/reg_state_reg[10]' (FDE) to 'gen_middle[24].middle_reg/gen_positive_phase.signal_path/gen_fiRST.fiRST_reg/reg_state_reg[10]'
INFO: [Synth 8-3886] merging instance 'gen_middle[23].middle_reg/gen_positive_phase.signal_path/gen_middle[0].middle_reg/reg_state_reg[11]' (FDE) to 'gen_middle[24].middle_reg/gen_positive_phase.signal_path/gen_fiRST.fiRST_reg/reg_state_reg[11]'
INFO: [Synth 8-3886] merging instance 'gen_middle[41].middle_reg/gen_positive_phase.signal_path/gen_middle[0].middle_reg/reg_state_reg[0]' (FDE) to 'gen_middle[40].middle_reg/gen_positive_phase.signal_path/gen_middle[1].middle_reg/reg_state_reg[0]'
INFO: [Synth 8-3886] merging instance 'gen_middle[41].middle_reg/gen_positive_phase.signal_path/gen_middle[0].middle_reg/reg_state_reg[1]' (FDE) to 'gen_middle[40].middle_reg/gen_positive_phase.signal_path/gen_middle[1].middle_reg/reg_state_reg[1]'
INFO: [Synth 8-3886] merging instance 'gen_middle[41].middle_reg/gen_positive_phase.signal_path/gen_middle[0].middle_reg/reg_state_reg[2]' (FDE) to 'gen_middle[40].middle_reg/gen_positive_phase.signal_path/gen_middle[1].middle_reg/reg_state_reg[2]'
INFO: [Synth 8-3886] merging instance 'gen_middle[41].middle_reg/gen_positive_phase.signal_path/gen_middle[0].middle_reg/reg_state_reg[3]' (FDE) to 'gen_middle[40].middle_reg/gen_positive_phase.signal_path/gen_middle[1].middle_reg/reg_state_reg[3]'
INFO: [Synth 8-3886] merging instance 'gen_middle[41].middle_reg/gen_positive_phase.signal_path/gen_middle[0].middle_reg/reg_state_reg[4]' (FDE) to 'gen_middle[40].middle_reg/gen_positive_phase.signal_path/gen_middle[1].middle_reg/reg_state_reg[4]'
INFO: [Synth 8-3886] merging instance 'gen_middle[41].middle_reg/gen_positive_phase.signal_path/gen_middle[0].middle_reg/reg_state_reg[5]' (FDE) to 'gen_middle[40].middle_reg/gen_positive_phase.signal_path/gen_middle[1].middle_reg/reg_state_reg[5]'
INFO: [Synth 8-3886] merging instance 'gen_middle[41].middle_reg/gen_positive_phase.signal_path/gen_middle[0].middle_reg/reg_state_reg[6]' (FDE) to 'gen_middle[40].middle_reg/gen_positive_phase.signal_path/gen_middle[1].middle_reg/reg_state_reg[6]'
INFO: [Synth 8-3886] merging instance 'gen_middle[41].middle_reg/gen_positive_phase.signal_path/gen_middle[0].middle_reg/reg_state_reg[7]' (FDE) to 'gen_middle[40].middle_reg/gen_positive_phase.signal_path/gen_middle[1].middle_reg/reg_state_reg[7]'
INFO: [Synth 8-3886] merging instance 'gen_middle[41].middle_reg/gen_positive_phase.signal_path/gen_middle[0].middle_reg/reg_state_reg[8]' (FDE) to 'gen_middle[40].middle_reg/gen_positive_phase.signal_path/gen_middle[1].middle_reg/reg_state_reg[8]'
INFO: [Synth 8-3886] merging instance 'gen_middle[41].middle_reg/gen_positive_phase.signal_path/gen_middle[0].middle_reg/reg_state_reg[9]' (FDE) to 'gen_middle[40].middle_reg/gen_positive_phase.signal_path/gen_middle[1].middle_reg/reg_state_reg[9]'
INFO: [Synth 8-3886] merging instance 'gen_middle[41].middle_reg/gen_positive_phase.signal_path/gen_middle[0].middle_reg/reg_state_reg[10]' (FDE) to 'gen_middle[40].middle_reg/gen_positive_phase.signal_path/gen_middle[1].middle_reg/reg_state_reg[10]'
INFO: [Synth 8-3886] merging instance 'gen_middle[41].middle_reg/gen_positive_phase.signal_path/gen_middle[0].middle_reg/reg_state_reg[11]' (FDE) to 'gen_middle[40].middle_reg/gen_positive_phase.signal_path/gen_middle[1].middle_reg/reg_state_reg[11]'
INFO: [Synth 8-3886] merging instance 'gen_middle[39].middle_reg/gen_positive_phase.signal_path/gen_middle[1].middle_reg/reg_state_reg[0]' (FDE) to 'gen_middle[41].middle_reg/gen_positive_phase.signal_path/gen_fiRST.fiRST_reg/reg_state_reg[0]'
INFO: [Synth 8-3886] merging instance 'gen_middle[39].middle_reg/gen_positive_phase.signal_path/gen_middle[1].middle_reg/reg_state_reg[1]' (FDE) to 'gen_middle[41].middle_reg/gen_positive_phase.signal_path/gen_fiRST.fiRST_reg/reg_state_reg[1]'
INFO: [Synth 8-3886] merging instance 'gen_middle[39].middle_reg/gen_positive_phase.signal_path/gen_middle[1].middle_reg/reg_state_reg[2]' (FDE) to 'gen_middle[41].middle_reg/gen_positive_phase.signal_path/gen_fiRST.fiRST_reg/reg_state_reg[2]'
INFO: [Synth 8-3886] merging instance 'gen_middle[39].middle_reg/gen_positive_phase.signal_path/gen_middle[1].middle_reg/reg_state_reg[3]' (FDE) to 'gen_middle[41].middle_reg/gen_positive_phase.signal_path/gen_fiRST.fiRST_reg/reg_state_reg[3]'
INFO: [Synth 8-3886] merging instance 'gen_middle[39].middle_reg/gen_positive_phase.signal_path/gen_middle[1].middle_reg/reg_state_reg[4]' (FDE) to 'gen_middle[41].middle_reg/gen_positive_phase.signal_path/gen_fiRST.fiRST_reg/reg_state_reg[4]'
INFO: [Synth 8-3886] merging instance 'gen_middle[39].middle_reg/gen_positive_phase.signal_path/gen_middle[1].middle_reg/reg_state_reg[5]' (FDE) to 'gen_middle[41].middle_reg/gen_positive_phase.signal_path/gen_fiRST.fiRST_reg/reg_state_reg[5]'
INFO: [Synth 8-3886] merging instance 'gen_middle[39].middle_reg/gen_positive_phase.signal_path/gen_middle[1].middle_reg/reg_state_reg[6]' (FDE) to 'gen_middle[41].middle_reg/gen_positive_phase.signal_path/gen_fiRST.fiRST_reg/reg_state_reg[6]'
INFO: [Synth 8-3886] merging instance 'gen_middle[39].middle_reg/gen_positive_phase.signal_path/gen_middle[1].middle_reg/reg_state_reg[7]' (FDE) to 'gen_middle[41].middle_reg/gen_positive_phase.signal_path/gen_fiRST.fiRST_reg/reg_state_reg[7]'
INFO: [Synth 8-3886] merging instance 'gen_middle[39].middle_reg/gen_positive_phase.signal_path/gen_middle[1].middle_reg/reg_state_reg[8]' (FDE) to 'gen_middle[41].middle_reg/gen_positive_phase.signal_path/gen_fiRST.fiRST_reg/reg_state_reg[8]'
INFO: [Synth 8-3886] merging instance 'gen_middle[39].middle_reg/gen_positive_phase.signal_path/gen_middle[1].middle_reg/reg_state_reg[9]' (FDE) to 'gen_middle[41].middle_reg/gen_positive_phase.signal_path/gen_fiRST.fiRST_reg/reg_state_reg[9]'
INFO: [Synth 8-3886] merging instance 'gen_middle[39].middle_reg/gen_positive_phase.signal_path/gen_middle[1].middle_reg/reg_state_reg[10]' (FDE) to 'gen_middle[41].middle_reg/gen_positive_phase.signal_path/gen_fiRST.fiRST_reg/reg_state_reg[10]'
INFO: [Synth 8-3886] merging instance 'gen_middle[39].middle_reg/gen_positive_phase.signal_path/gen_middle[1].middle_reg/reg_state_reg[11]' (FDE) to 'gen_middle[41].middle_reg/gen_positive_phase.signal_path/gen_fiRST.fiRST_reg/reg_state_reg[11]'
INFO: [Synth 8-3886] merging instance 'gen_middle[38].middle_reg/gen_positive_phase.signal_path/gen_middle[1].middle_reg/reg_state_reg[0]' (FDE) to 'gen_middle[40].middle_reg/gen_positive_phase.signal_path/gen_fiRST.fiRST_reg/reg_state_reg[0]'
INFO: [Synth 8-3886] merging instance 'gen_middle[38].middle_reg/gen_positive_phase.signal_path/gen_middle[1].middle_reg/reg_state_reg[1]' (FDE) to 'gen_middle[40].middle_reg/gen_positive_phase.signal_path/gen_fiRST.fiRST_reg/reg_state_reg[1]'
INFO: [Synth 8-3886] merging instance 'gen_middle[38].middle_reg/gen_positive_phase.signal_path/gen_middle[1].middle_reg/reg_state_reg[2]' (FDE) to 'gen_middle[40].middle_reg/gen_positive_phase.signal_path/gen_fiRST.fiRST_reg/reg_state_reg[2]'
INFO: [Synth 8-3886] merging instance 'gen_middle[38].middle_reg/gen_positive_phase.signal_path/gen_middle[1].middle_reg/reg_state_reg[3]' (FDE) to 'gen_middle[40].middle_reg/gen_positive_phase.signal_path/gen_fiRST.fiRST_reg/reg_state_reg[3]'
INFO: [Common 17-14] Message 'Synth 8-3886' appears 100 times and further instances of the messages will be disabled. Use the Tcl command set_msg_config to change the current settings.
