
*** Running vivado
    with args -log diff_out_test.vds -m64 -product Vivado -mode batch -messageDb vivado.pb -notrace -source diff_out_test.tcl


****** Vivado v2020.1 (64-bit)
  **** SW Build 2902540 on Wed May 27 19:54:35 MDT 2020
  **** IP Build 2902112 on Wed May 27 22:43:36 MDT 2020
    ** Copyright 1986-2020 Xilinx, Inc. All Rights Reserved.

source diff_out_test.tcl -notrace
Command: synth_design -top diff_out_test -part xc7a35tcpg236-1
Starting synth_design
Attempting to get a license for feature 'Synthesis' and/or device 'xc7a35t'
INFO: [Common 17-349] Got license for feature 'Synthesis' and/or device 'xc7a35t'
INFO: [Device 21-403] Loading part xc7a35tcpg236-1
INFO: [Synth 8-7079] Multithreading enabled for synth_design using a maximum of 4 processes.
INFO: [Synth 8-7078] Launching helper process for spawning children vivado processes
INFO: [Synth 8-7075] Helper process launched with PID 4198
---------------------------------------------------------------------------------
Starting RTL Elaboration : Time (s): cpu = 00:00:06 ; elapsed = 00:00:09 . Memory (MB): peak = 2116.539 ; gain = 0.000 ; free physical = 719 ; free virtual = 4275
---------------------------------------------------------------------------------
INFO: [Synth 8-638] synthesizing module 'diff_out_test' [/home/gwrw/fir1/fir1.srcs/sources_1/new/diff_out_test.vhd:42]
INFO: [Synth 8-638] synthesizing module 'square_wave_gen' [/home/gwrw/fir1/fir1.srcs/sources_1/new/square_wave_gen.vhd:49]
	Parameter half_period_width bound to: 16 - type: integer 
	Parameter phase_lag bound to: 0 - type: integer 
	Parameter phase_bit bound to: 0 - type: integer 
INFO: [Synth 8-638] synthesizing module 'clk_div_generic' [/home/gwrw/fir1/fir1.srcs/sources_1/new/clk_div_generic.vhd:52]
	Parameter period_width bound to: 16 - type: integer 
	Parameter phase_lag bound to: 0 - type: integer 
INFO: [Synth 8-256] done synthesizing module 'clk_div_generic' (1#1) [/home/gwrw/fir1/fir1.srcs/sources_1/new/clk_div_generic.vhd:52]
INFO: [Synth 8-256] done synthesizing module 'square_wave_gen' (2#1) [/home/gwrw/fir1/fir1.srcs/sources_1/new/square_wave_gen.vhd:49]
INFO: [Synth 8-638] synthesizing module 'square_wave_gen__parameterized0' [/home/gwrw/fir1/fir1.srcs/sources_1/new/square_wave_gen.vhd:49]
	Parameter half_period_width bound to: 28 - type: integer 
	Parameter phase_lag bound to: 0 - type: integer 
	Parameter phase_bit bound to: 0 - type: integer 
INFO: [Synth 8-638] synthesizing module 'clk_div_generic__parameterized0' [/home/gwrw/fir1/fir1.srcs/sources_1/new/clk_div_generic.vhd:52]
	Parameter period_width bound to: 28 - type: integer 
	Parameter phase_lag bound to: 0 - type: integer 
INFO: [Synth 8-256] done synthesizing module 'clk_div_generic__parameterized0' (2#1) [/home/gwrw/fir1/fir1.srcs/sources_1/new/clk_div_generic.vhd:52]
INFO: [Synth 8-256] done synthesizing module 'square_wave_gen__parameterized0' (2#1) [/home/gwrw/fir1/fir1.srcs/sources_1/new/square_wave_gen.vhd:49]
	Parameter BANDWIDTH bound to: OPTIMIZED - type: string 
	Parameter CLKFBOUT_MULT_F bound to: 11.200000 - type: double 
	Parameter CLKFBOUT_PHASE bound to: 0.000000 - type: double 
	Parameter CLKIN1_PERIOD bound to: 10.000000 - type: double 
	Parameter CLKOUT0_DIVIDE_F bound to: 1.000000 - type: double 
	Parameter CLKOUT0_DUTY_CYCLE bound to: 0.500000 - type: double 
	Parameter CLKOUT0_PHASE bound to: 0.000000 - type: double 
	Parameter CLKOUT1_DIVIDE bound to: 8 - type: integer 
	Parameter CLKOUT1_DUTY_CYCLE bound to: 0.500000 - type: double 
	Parameter CLKOUT1_PHASE bound to: 0.000000 - type: double 
	Parameter CLKOUT2_DIVIDE bound to: 1 - type: integer 
	Parameter CLKOUT2_DUTY_CYCLE bound to: 0.500000 - type: double 
	Parameter CLKOUT2_PHASE bound to: 0.000000 - type: double 
	Parameter CLKOUT3_DIVIDE bound to: 1 - type: integer 
	Parameter CLKOUT3_DUTY_CYCLE bound to: 0.500000 - type: double 
	Parameter CLKOUT3_PHASE bound to: 0.000000 - type: double 
	Parameter CLKOUT4_CASCADE bound to: 0 - type: bool 
	Parameter CLKOUT4_DIVIDE bound to: 1 - type: integer 
	Parameter CLKOUT4_DUTY_CYCLE bound to: 0.500000 - type: double 
	Parameter CLKOUT4_PHASE bound to: 0.000000 - type: double 
	Parameter CLKOUT5_DIVIDE bound to: 1 - type: integer 
	Parameter CLKOUT5_DUTY_CYCLE bound to: 0.500000 - type: double 
	Parameter CLKOUT5_PHASE bound to: 0.000000 - type: double 
	Parameter CLKOUT6_DIVIDE bound to: 1 - type: integer 
	Parameter CLKOUT6_DUTY_CYCLE bound to: 0.500000 - type: double 
	Parameter CLKOUT6_PHASE bound to: 0.000000 - type: double 
	Parameter DIVCLK_DIVIDE bound to: 1 - type: integer 
	Parameter REF_JITTER1 bound to: 0.000000 - type: double 
	Parameter STARTUP_WAIT bound to: 0 - type: bool 
INFO: [Synth 8-113] binding component instance 'MMCME2_BASE_inst' to cell 'MMCME2_BASE' [/home/gwrw/fir1/fir1.srcs/sources_1/new/diff_out_test.vhd:130]
INFO: [Synth 8-256] done synthesizing module 'diff_out_test' (3#1) [/home/gwrw/fir1/fir1.srcs/sources_1/new/diff_out_test.vhd:42]
---------------------------------------------------------------------------------
Finished RTL Elaboration : Time (s): cpu = 00:00:07 ; elapsed = 00:00:12 . Memory (MB): peak = 2116.539 ; gain = 0.000 ; free physical = 753 ; free virtual = 4329
---------------------------------------------------------------------------------
---------------------------------------------------------------------------------
Start Handling Custom Attributes
---------------------------------------------------------------------------------
---------------------------------------------------------------------------------
Finished Handling Custom Attributes : Time (s): cpu = 00:00:08 ; elapsed = 00:00:13 . Memory (MB): peak = 2116.539 ; gain = 0.000 ; free physical = 745 ; free virtual = 4321
---------------------------------------------------------------------------------
---------------------------------------------------------------------------------
Finished RTL Optimization Phase 1 : Time (s): cpu = 00:00:08 ; elapsed = 00:00:13 . Memory (MB): peak = 2116.539 ; gain = 0.000 ; free physical = 745 ; free virtual = 4321
---------------------------------------------------------------------------------
Netlist sorting complete. Time (s): cpu = 00:00:00 ; elapsed = 00:00:00 . Memory (MB): peak = 2116.539 ; gain = 0.000 ; free physical = 737 ; free virtual = 4314
INFO: [Netlist 29-17] Analyzing 1 Unisim elements for replacement
INFO: [Netlist 29-28] Unisim Transformation completed in 0 CPU seconds
INFO: [Project 1-570] Preparing netlist for logic optimization

Processing XDC Constraints
Initializing timing engine
Parsing XDC File [/home/gwrw/Basys3_Master.xdc]
Finished Parsing XDC File [/home/gwrw/Basys3_Master.xdc]
INFO: [Project 1-236] Implementation specific constraints were found while reading constraint file [/home/gwrw/Basys3_Master.xdc]. These constraints will be ignored for synthesis but will be used in implementation. Impacted constraints are listed in the file [.Xil/diff_out_test_propImpl.xdc].
Resolution: To avoid this warning, move constraints listed in [.Xil/diff_out_test_propImpl.xdc] to another XDC file and exclude this new file from synthesis with the used_in_synthesis property (File Properties dialog in GUI) and re-run elaboration/synthesis.
INFO: [Timing 38-2] Deriving generated clocks
Completed Processing XDC Constraints

Netlist sorting complete. Time (s): cpu = 00:00:00 ; elapsed = 00:00:00 . Memory (MB): peak = 2148.457 ; gain = 0.000 ; free physical = 648 ; free virtual = 4238
INFO: [Project 1-111] Unisim Transformation Summary:
  A total of 1 instances were transformed.
  MMCME2_BASE => MMCME2_ADV: 1 instance 

Constraint Validation Runtime : Time (s): cpu = 00:00:00.01 ; elapsed = 00:00:00 . Memory (MB): peak = 2148.457 ; gain = 0.000 ; free physical = 648 ; free virtual = 4238
---------------------------------------------------------------------------------
Finished Constraint Validation : Time (s): cpu = 00:00:16 ; elapsed = 00:00:24 . Memory (MB): peak = 2148.457 ; gain = 31.918 ; free physical = 711 ; free virtual = 4303
---------------------------------------------------------------------------------
---------------------------------------------------------------------------------
Start Loading Part and Timing Information
---------------------------------------------------------------------------------
Loading part: xc7a35tcpg236-1
---------------------------------------------------------------------------------
Finished Loading Part and Timing Information : Time (s): cpu = 00:00:16 ; elapsed = 00:00:24 . Memory (MB): peak = 2148.457 ; gain = 31.918 ; free physical = 711 ; free virtual = 4303
---------------------------------------------------------------------------------
---------------------------------------------------------------------------------
Start Applying 'set_property' XDC Constraints
---------------------------------------------------------------------------------
---------------------------------------------------------------------------------
Finished applying 'set_property' XDC Constraints : Time (s): cpu = 00:00:16 ; elapsed = 00:00:24 . Memory (MB): peak = 2148.457 ; gain = 31.918 ; free physical = 711 ; free virtual = 4303
---------------------------------------------------------------------------------
---------------------------------------------------------------------------------
Finished RTL Optimization Phase 2 : Time (s): cpu = 00:00:16 ; elapsed = 00:00:25 . Memory (MB): peak = 2148.457 ; gain = 31.918 ; free physical = 701 ; free virtual = 4294
---------------------------------------------------------------------------------
---------------------------------------------------------------------------------
Start RTL Component Statistics 
---------------------------------------------------------------------------------
Detailed RTL Component Info : 
+---Adders : 
	   2 Input   28 Bit       Adders := 1     
	   2 Input   16 Bit       Adders := 1     
+---Registers : 
	               28 Bit    Registers := 1     
	               16 Bit    Registers := 1     
	                1 Bit    Registers := 5     
+---Muxes : 
	   2 Input   28 Bit        Muxes := 1     
	   2 Input   16 Bit        Muxes := 1     
	   2 Input    1 Bit        Muxes := 2     
---------------------------------------------------------------------------------
Finished RTL Component Statistics 
---------------------------------------------------------------------------------
---------------------------------------------------------------------------------
Start Part Resource Summary
---------------------------------------------------------------------------------
Part Resources:
DSPs: 90 (col length:60)
BRAMs: 100 (col length: RAMB18 60 RAMB36 30)
---------------------------------------------------------------------------------
Finished Part Resource Summary
---------------------------------------------------------------------------------
---------------------------------------------------------------------------------
Start Cross Boundary and Area Optimization
---------------------------------------------------------------------------------
---------------------------------------------------------------------------------
Finished Cross Boundary and Area Optimization : Time (s): cpu = 00:00:18 ; elapsed = 00:00:27 . Memory (MB): peak = 2148.457 ; gain = 31.918 ; free physical = 686 ; free virtual = 4284
---------------------------------------------------------------------------------
---------------------------------------------------------------------------------
Start Applying XDC Timing Constraints
---------------------------------------------------------------------------------
---------------------------------------------------------------------------------
Finished Applying XDC Timing Constraints : Time (s): cpu = 00:00:26 ; elapsed = 00:00:36 . Memory (MB): peak = 2148.457 ; gain = 31.918 ; free physical = 561 ; free virtual = 4165
---------------------------------------------------------------------------------
---------------------------------------------------------------------------------
Start Timing Optimization
---------------------------------------------------------------------------------
---------------------------------------------------------------------------------
Finished Timing Optimization : Time (s): cpu = 00:00:26 ; elapsed = 00:00:36 . Memory (MB): peak = 2148.457 ; gain = 31.918 ; free physical = 558 ; free virtual = 4163
---------------------------------------------------------------------------------
---------------------------------------------------------------------------------
Start Technology Mapping
---------------------------------------------------------------------------------
---------------------------------------------------------------------------------
Finished Technology Mapping : Time (s): cpu = 00:00:26 ; elapsed = 00:00:37 . Memory (MB): peak = 2148.457 ; gain = 31.918 ; free physical = 557 ; free virtual = 4161
---------------------------------------------------------------------------------
---------------------------------------------------------------------------------
Start IO Insertion
---------------------------------------------------------------------------------
---------------------------------------------------------------------------------
Start Flattening Before IO Insertion
---------------------------------------------------------------------------------
---------------------------------------------------------------------------------
Finished Flattening Before IO Insertion
---------------------------------------------------------------------------------
---------------------------------------------------------------------------------
Start Final Netlist Cleanup
---------------------------------------------------------------------------------
---------------------------------------------------------------------------------
Finished Final Netlist Cleanup
---------------------------------------------------------------------------------
---------------------------------------------------------------------------------
Finished IO Insertion : Time (s): cpu = 00:00:30 ; elapsed = 00:00:41 . Memory (MB): peak = 2148.457 ; gain = 31.918 ; free physical = 557 ; free virtual = 4161
---------------------------------------------------------------------------------
---------------------------------------------------------------------------------
Start Renaming Generated Instances
---------------------------------------------------------------------------------
---------------------------------------------------------------------------------
Finished Renaming Generated Instances : Time (s): cpu = 00:00:30 ; elapsed = 00:00:41 . Memory (MB): peak = 2148.457 ; gain = 31.918 ; free physical = 557 ; free virtual = 4161
---------------------------------------------------------------------------------
---------------------------------------------------------------------------------
Start Rebuilding User Hierarchy
---------------------------------------------------------------------------------
---------------------------------------------------------------------------------
Finished Rebuilding User Hierarchy : Time (s): cpu = 00:00:31 ; elapsed = 00:00:41 . Memory (MB): peak = 2148.457 ; gain = 31.918 ; free physical = 557 ; free virtual = 4161
---------------------------------------------------------------------------------
---------------------------------------------------------------------------------
Start Renaming Generated Ports
---------------------------------------------------------------------------------
---------------------------------------------------------------------------------
Finished Renaming Generated Ports : Time (s): cpu = 00:00:31 ; elapsed = 00:00:41 . Memory (MB): peak = 2148.457 ; gain = 31.918 ; free physical = 557 ; free virtual = 4161
---------------------------------------------------------------------------------
---------------------------------------------------------------------------------
Start Handling Custom Attributes
---------------------------------------------------------------------------------
---------------------------------------------------------------------------------
Finished Handling Custom Attributes : Time (s): cpu = 00:00:31 ; elapsed = 00:00:41 . Memory (MB): peak = 2148.457 ; gain = 31.918 ; free physical = 557 ; free virtual = 4161
---------------------------------------------------------------------------------
---------------------------------------------------------------------------------
Start Renaming Generated Nets
---------------------------------------------------------------------------------
---------------------------------------------------------------------------------
Finished Renaming Generated Nets : Time (s): cpu = 00:00:31 ; elapsed = 00:00:41 . Memory (MB): peak = 2148.457 ; gain = 31.918 ; free physical = 557 ; free virtual = 4161
---------------------------------------------------------------------------------
---------------------------------------------------------------------------------
Start Writing Synthesis Report
---------------------------------------------------------------------------------

Report BlackBoxes: 
+-+--------------+----------+
| |BlackBox name |Instances |
+-+--------------+----------+
+-+--------------+----------+

Report Cell Usage: 
+------+------------+------+
|      |Cell        |Count |
+------+------------+------+
|1     |BUFG        |     1|
|2     |CARRY4      |    11|
|3     |LUT1        |    47|
|4     |LUT2        |    18|
|5     |LUT3        |     1|
|6     |LUT4        |     6|
|7     |LUT5        |     3|
|8     |LUT6        |     2|
|9     |MMCME2_BASE |     1|
|10    |FDRE        |    33|
|11    |FDSE        |    16|
|12    |IBUF        |     1|
|13    |OBUF        |     5|
+------+------------+------+
---------------------------------------------------------------------------------
Finished Writing Synthesis Report : Time (s): cpu = 00:00:31 ; elapsed = 00:00:41 . Memory (MB): peak = 2148.457 ; gain = 31.918 ; free physical = 557 ; free virtual = 4161
---------------------------------------------------------------------------------
Synthesis finished with 0 errors, 0 critical warnings and 0 warnings.
Synthesis Optimization Runtime : Time (s): cpu = 00:00:28 ; elapsed = 00:00:36 . Memory (MB): peak = 2148.457 ; gain = 0.000 ; free physical = 609 ; free virtual = 4213
Synthesis Optimization Complete : Time (s): cpu = 00:00:31 ; elapsed = 00:00:41 . Memory (MB): peak = 2148.465 ; gain = 31.918 ; free physical = 609 ; free virtual = 4213
INFO: [Project 1-571] Translating synthesized netlist
Netlist sorting complete. Time (s): cpu = 00:00:00 ; elapsed = 00:00:00 . Memory (MB): peak = 2148.465 ; gain = 0.000 ; free physical = 603 ; free virtual = 4207
INFO: [Netlist 29-17] Analyzing 12 Unisim elements for replacement
INFO: [Netlist 29-28] Unisim Transformation completed in 0 CPU seconds
INFO: [Project 1-570] Preparing netlist for logic optimization
INFO: [Opt 31-138] Pushed 0 inverter(s) to 0 load pin(s).
Netlist sorting complete. Time (s): cpu = 00:00:00 ; elapsed = 00:00:00 . Memory (MB): peak = 2148.465 ; gain = 0.000 ; free physical = 626 ; free virtual = 4231
INFO: [Project 1-111] Unisim Transformation Summary:
  A total of 1 instances were transformed.
  MMCME2_BASE => MMCME2_ADV: 1 instance 

INFO: [Common 17-83] Releasing license: Synthesis
29 Infos, 0 Warnings, 0 Critical Warnings and 0 Errors encountered.
synth_design completed successfully
synth_design: Time (s): cpu = 00:00:44 ; elapsed = 00:00:49 . Memory (MB): peak = 2148.465 ; gain = 32.023 ; free physical = 765 ; free virtual = 4370
INFO: [Common 17-1381] The checkpoint '/home/gwrw/fir1/fir1.runs/synth_1/diff_out_test.dcp' has been generated.
INFO: [runtcl-4] Executing : report_utilization -file diff_out_test_utilization_synth.rpt -pb diff_out_test_utilization_synth.pb
INFO: [Common 17-206] Exiting Vivado at Wed Aug  5 14:47:43 2020...
